2023-10-19T07:35:28.937+07:00  INFO 3888 --- [main] sbadmin.SbAdminApplication               : Starting SbAdminApplication using Java 17.0.8 with PID 3888 (D:\Workspace\mgmtadmin\sb-admin\target\classes started by frans in D:\Workspace\mgmtadmin\sb-admin)
2023-10-19T07:35:28.948+07:00  INFO 3888 --- [main] sbadmin.SbAdminApplication               : No active profile set, falling back to 1 default profile: "default"
2023-10-19T07:35:30.548+07:00  INFO 3888 --- [main] o.s.b.w.embedded.tomcat.TomcatWebServer  : Tomcat initialized with port(s): 8762 (http)
2023-10-19T07:35:30.563+07:00  INFO 3888 --- [main] o.apache.catalina.core.StandardService   : Starting service [Tomcat]
2023-10-19T07:35:30.563+07:00  INFO 3888 --- [main] o.apache.catalina.core.StandardEngine    : Starting Servlet engine: [Apache Tomcat/10.1.13]
2023-10-19T07:35:30.741+07:00  INFO 3888 --- [main] o.a.c.c.C.[Tomcat].[localhost].[/]       : Initializing Spring embedded WebApplicationContext
2023-10-19T07:35:30.741+07:00  INFO 3888 --- [main] w.s.c.ServletWebServerApplicationContext : Root WebApplicationContext: initialization completed in 1701 ms
2023-10-19T07:35:31.492+07:00  INFO 3888 --- [main] o.s.b.a.e.web.EndpointLinksResolver      : Exposing 1 endpoint(s) beneath base path '/actuator'
2023-10-19T07:35:31.569+07:00  INFO 3888 --- [main] o.s.s.web.DefaultSecurityFilterChain     : Will secure any request with [org.springframework.security.web.session.DisableEncodeUrlFilter@38c460e8, org.springframework.security.web.context.request.async.WebAsyncManagerIntegrationFilter@7a814310, org.springframework.security.web.context.SecurityContextHolderFilter@57b9389f, org.springframework.security.web.header.HeaderWriterFilter@4e4395c, org.springframework.security.web.csrf.CsrfFilter@554566a8, org.springframework.security.web.authentication.logout.LogoutFilter@504497fa, org.springframework.security.web.authentication.UsernamePasswordAuthenticationFilter@6537ac, org.springframework.security.web.authentication.www.BasicAuthenticationFilter@dc59ec2, org.springframework.security.web.savedrequest.RequestCacheAwareFilter@41f785e3, org.springframework.security.web.servletapi.SecurityContextHolderAwareRequestFilter@6b25ef1c, org.springframework.security.web.authentication.rememberme.RememberMeAuthenticationFilter@bd93bc3, org.springframework.security.web.authentication.AnonymousAuthenticationFilter@4bbf38b8, org.springframework.security.web.access.ExceptionTranslationFilter@177ede17, org.springframework.security.web.access.intercept.AuthorizationFilter@7b91d9f]
2023-10-19T07:35:32.502+07:00  INFO 3888 --- [main] o.s.b.w.embedded.tomcat.TomcatWebServer  : Tomcat started on port(s): 8762 (http) with context path ''
2023-10-19T07:35:32.519+07:00  INFO 3888 --- [main] sbadmin.SbAdminApplication               : Started SbAdminApplication in 4.189 seconds (process running for 5.267)
2023-10-19T07:40:13.476+07:00  INFO 3888 --- [RMI TCP Connection(2)-127.0.0.1] inMXBeanRegistrar$SpringApplicationAdmin : Application shutdown requested.
2023-10-19T07:40:13.500+07:00  INFO 3888 --- [RMI TCP Connection(2)-127.0.0.1] o.apache.catalina.core.StandardService   : Stopping service [Tomcat]
2023-10-19T07:40:18.190+07:00  INFO 6380 --- [main] sbadmin.SbAdminApplication               : Starting SbAdminApplication using Java 17.0.8 with PID 6380 (D:\Workspace\mgmtadmin\sb-admin\target\classes started by frans in D:\Workspace\mgmtadmin\sb-admin)
2023-10-19T07:40:18.192+07:00  INFO 6380 --- [main] sbadmin.SbAdminApplication               : No active profile set, falling back to 1 default profile: "default"
2023-10-19T07:40:19.660+07:00  INFO 6380 --- [main] o.s.b.w.embedded.tomcat.TomcatWebServer  : Tomcat initialized with port(s): 8762 (http)
2023-10-19T07:40:19.674+07:00  INFO 6380 --- [main] o.apache.catalina.core.StandardService   : Starting service [Tomcat]
2023-10-19T07:40:19.674+07:00  INFO 6380 --- [main] o.apache.catalina.core.StandardEngine    : Starting Servlet engine: [Apache Tomcat/10.1.13]
2023-10-19T07:40:19.769+07:00  INFO 6380 --- [main] o.a.c.c.C.[Tomcat].[localhost].[/]       : Initializing Spring embedded WebApplicationContext
2023-10-19T07:40:19.769+07:00  INFO 6380 --- [main] w.s.c.ServletWebServerApplicationContext : Root WebApplicationContext: initialization completed in 1495 ms
2023-10-19T07:40:20.328+07:00  INFO 6380 --- [main] o.s.b.a.e.web.EndpointLinksResolver      : Exposing 1 endpoint(s) beneath base path '/actuator'
2023-10-19T07:40:20.382+07:00  INFO 6380 --- [main] o.s.s.web.DefaultSecurityFilterChain     : Will secure any request with [org.springframework.security.web.session.DisableEncodeUrlFilter@6537ac, org.springframework.security.web.context.request.async.WebAsyncManagerIntegrationFilter@3b218c74, org.springframework.security.web.context.SecurityContextHolderFilter@2b44605c, org.springframework.security.web.header.HeaderWriterFilter@150d6eaf, org.springframework.security.web.csrf.CsrfFilter@307c59ea, org.springframework.security.web.authentication.logout.LogoutFilter@423f8a73, org.springframework.security.web.authentication.UsernamePasswordAuthenticationFilter@5618fc1f, org.springframework.security.web.authentication.www.BasicAuthenticationFilter@6bcdd6e4, org.springframework.security.web.savedrequest.RequestCacheAwareFilter@24a04257, org.springframework.security.web.servletapi.SecurityContextHolderAwareRequestFilter@6d6039df, org.springframework.security.web.authentication.rememberme.RememberMeAuthenticationFilter@615b5480, org.springframework.security.web.authentication.AnonymousAuthenticationFilter@ddffa6c, org.springframework.security.web.access.ExceptionTranslationFilter@3751acd7, org.springframework.security.web.access.intercept.AuthorizationFilter@504497fa]
2023-10-19T07:40:21.204+07:00  INFO 6380 --- [main] o.s.b.w.embedded.tomcat.TomcatWebServer  : Tomcat started on port(s): 8762 (http) with context path ''
2023-10-19T07:40:21.228+07:00  INFO 6380 --- [main] sbadmin.SbAdminApplication               : Started SbAdminApplication in 3.641 seconds (process running for 4.401)
2023-10-19T07:40:33.376+07:00  INFO 6380 --- [http-nio-8762-exec-1] o.a.c.c.C.[Tomcat].[localhost].[/]       : Initializing Spring DispatcherServlet 'dispatcherServlet'
2023-10-19T07:40:33.376+07:00  INFO 6380 --- [http-nio-8762-exec-1] o.s.web.servlet.DispatcherServlet        : Initializing Servlet 'dispatcherServlet'
2023-10-19T07:40:33.376+07:00  INFO 6380 --- [http-nio-8762-exec-1] o.s.web.servlet.DispatcherServlet        : Completed initialization in 0 ms
2023-10-19T07:41:17.530+07:00  INFO 6380 --- [RMI TCP Connection(2)-127.0.0.1] inMXBeanRegistrar$SpringApplicationAdmin : Application shutdown requested.
2023-10-19T07:41:17.550+07:00  INFO 6380 --- [RMI TCP Connection(2)-127.0.0.1] o.apache.catalina.core.StandardService   : Stopping service [Tomcat]
2023-10-19T07:41:17.552+07:00  INFO 6380 --- [RMI TCP Connection(2)-127.0.0.1] o.a.c.c.C.[Tomcat].[localhost].[/]       : Destroying Spring FrameworkServlet 'dispatcherServlet'
2023-10-19T07:41:21.823+07:00  INFO 9572 --- [main] sbadmin.SbAdminApplication               : Starting SbAdminApplication using Java 17.0.8 with PID 9572 (D:\Workspace\mgmtadmin\sb-admin\target\classes started by frans in D:\Workspace\mgmtadmin\sb-admin)
2023-10-19T07:41:21.826+07:00  INFO 9572 --- [main] sbadmin.SbAdminApplication               : No active profile set, falling back to 1 default profile: "default"
2023-10-19T07:41:23.146+07:00  INFO 9572 --- [main] o.s.b.w.embedded.tomcat.TomcatWebServer  : Tomcat initialized with port(s): 8762 (http)
2023-10-19T07:41:23.162+07:00  INFO 9572 --- [main] o.apache.catalina.core.StandardService   : Starting service [Tomcat]
2023-10-19T07:41:23.163+07:00  INFO 9572 --- [main] o.apache.catalina.core.StandardEngine    : Starting Servlet engine: [Apache Tomcat/10.1.13]
2023-10-19T07:41:23.263+07:00  INFO 9572 --- [main] o.a.c.c.C.[Tomcat].[localhost].[/]       : Initializing Spring embedded WebApplicationContext
2023-10-19T07:41:23.263+07:00  INFO 9572 --- [main] w.s.c.ServletWebServerApplicationContext : Root WebApplicationContext: initialization completed in 1355 ms
2023-10-19T07:41:23.768+07:00  INFO 9572 --- [main] o.s.b.a.e.web.EndpointLinksResolver      : Exposing 1 endpoint(s) beneath base path '/actuator'
2023-10-19T07:41:23.816+07:00  INFO 9572 --- [main] o.s.s.web.DefaultSecurityFilterChain     : Will secure any request with [org.springframework.security.web.session.DisableEncodeUrlFilter@1192c925, org.springframework.security.web.context.request.async.WebAsyncManagerIntegrationFilter@615b5480, org.springframework.security.web.context.SecurityContextHolderFilter@6b832551, org.springframework.security.web.header.HeaderWriterFilter@554566a8, org.springframework.security.web.csrf.CsrfFilter@3a2546d6, org.springframework.security.web.authentication.logout.LogoutFilter@7b95bdb0, org.springframework.security.web.authentication.UsernamePasswordAuthenticationFilter@22048bd6, org.springframework.security.web.authentication.www.BasicAuthenticationFilter@6b5c134e, org.springframework.security.web.savedrequest.RequestCacheAwareFilter@63124022, org.springframework.security.web.servletapi.SecurityContextHolderAwareRequestFilter@24a04257, org.springframework.security.web.authentication.rememberme.RememberMeAuthenticationFilter@35c8be21, org.springframework.security.web.authentication.AnonymousAuthenticationFilter@24691c5, org.springframework.security.web.access.ExceptionTranslationFilter@14b8a751, org.springframework.security.web.access.intercept.AuthorizationFilter@3b28b7b0]
2023-10-19T07:41:24.542+07:00  INFO 9572 --- [main] o.s.b.w.embedded.tomcat.TomcatWebServer  : Tomcat started on port(s): 8762 (http) with context path ''
2023-10-19T07:41:24.559+07:00  INFO 9572 --- [main] sbadmin.SbAdminApplication               : Started SbAdminApplication in 3.273 seconds (process running for 3.941)
2023-10-19T07:41:33.833+07:00  INFO 9572 --- [http-nio-8762-exec-1] o.a.c.c.C.[Tomcat].[localhost].[/]       : Initializing Spring DispatcherServlet 'dispatcherServlet'
2023-10-19T07:41:33.834+07:00  INFO 9572 --- [http-nio-8762-exec-1] o.s.web.servlet.DispatcherServlet        : Initializing Servlet 'dispatcherServlet'
2023-10-19T07:41:33.836+07:00  INFO 9572 --- [http-nio-8762-exec-1] o.s.web.servlet.DispatcherServlet        : Completed initialization in 2 ms
2023-10-19T07:49:44.007+07:00  INFO 9572 --- [RMI TCP Connection(2)-127.0.0.1] inMXBeanRegistrar$SpringApplicationAdmin : Application shutdown requested.
2023-10-19T07:49:44.022+07:00  INFO 9572 --- [RMI TCP Connection(2)-127.0.0.1] o.apache.catalina.core.StandardService   : Stopping service [Tomcat]
2023-10-19T07:49:44.022+07:00  INFO 9572 --- [RMI TCP Connection(2)-127.0.0.1] o.a.c.c.C.[Tomcat].[localhost].[/]       : Destroying Spring FrameworkServlet 'dispatcherServlet'
2023-10-19T07:53:13.710+07:00  INFO 19156 --- [main] sbadmin.SbAdminApplication               : Starting SbAdminApplication using Java 17.0.8 with PID 19156 (D:\Workspace\mgmtadmin\sb-admin\target\classes started by frans in D:\Workspace\mgmtadmin\sb-admin)
2023-10-19T07:53:13.712+07:00  INFO 19156 --- [main] sbadmin.SbAdminApplication               : No active profile set, falling back to 1 default profile: "default"
2023-10-19T07:53:15.094+07:00  INFO 19156 --- [main] o.s.b.w.embedded.tomcat.TomcatWebServer  : Tomcat initialized with port(s): 8762 (http)
2023-10-19T07:53:15.153+07:00  INFO 19156 --- [main] o.apache.catalina.core.StandardService   : Starting service [Tomcat]
2023-10-19T07:53:15.154+07:00  INFO 19156 --- [main] o.apache.catalina.core.StandardEngine    : Starting Servlet engine: [Apache Tomcat/10.1.13]
2023-10-19T07:53:15.251+07:00  INFO 19156 --- [main] o.a.c.c.C.[Tomcat].[localhost].[/]       : Initializing Spring embedded WebApplicationContext
2023-10-19T07:53:15.252+07:00  INFO 19156 --- [main] w.s.c.ServletWebServerApplicationContext : Root WebApplicationContext: initialization completed in 1464 ms
2023-10-19T07:53:15.780+07:00  INFO 19156 --- [main] o.s.b.a.e.web.EndpointLinksResolver      : Exposing 1 endpoint(s) beneath base path '/actuator'
2023-10-19T07:53:15.825+07:00  INFO 19156 --- [main] o.s.s.web.DefaultSecurityFilterChain     : Will secure any request with [org.springframework.security.web.session.DisableEncodeUrlFilter@1192c925, org.springframework.security.web.context.request.async.WebAsyncManagerIntegrationFilter@615b5480, org.springframework.security.web.context.SecurityContextHolderFilter@6b832551, org.springframework.security.web.header.HeaderWriterFilter@554566a8, org.springframework.security.web.csrf.CsrfFilter@3a2546d6, org.springframework.security.web.authentication.logout.LogoutFilter@7b95bdb0, org.springframework.security.web.authentication.UsernamePasswordAuthenticationFilter@22048bd6, org.springframework.security.web.authentication.www.BasicAuthenticationFilter@6b5c134e, org.springframework.security.web.savedrequest.RequestCacheAwareFilter@63124022, org.springframework.security.web.servletapi.SecurityContextHolderAwareRequestFilter@24a04257, org.springframework.security.web.authentication.rememberme.RememberMeAuthenticationFilter@35c8be21, org.springframework.security.web.authentication.AnonymousAuthenticationFilter@24691c5, org.springframework.security.web.access.ExceptionTranslationFilter@14b8a751, org.springframework.security.web.access.intercept.AuthorizationFilter@3b28b7b0]
2023-10-19T07:53:16.576+07:00  INFO 19156 --- [main] o.s.b.w.embedded.tomcat.TomcatWebServer  : Tomcat started on port(s): 8762 (http) with context path ''
2023-10-19T07:53:16.594+07:00  INFO 19156 --- [main] sbadmin.SbAdminApplication               : Started SbAdminApplication in 3.448 seconds (process running for 4.136)
2023-10-19T07:53:53.627+07:00  INFO 19156 --- [http-nio-8762-exec-1] o.a.c.c.C.[Tomcat].[localhost].[/]       : Initializing Spring DispatcherServlet 'dispatcherServlet'
2023-10-19T07:53:53.627+07:00  INFO 19156 --- [http-nio-8762-exec-1] o.s.web.servlet.DispatcherServlet        : Initializing Servlet 'dispatcherServlet'
2023-10-19T07:53:53.635+07:00  INFO 19156 --- [http-nio-8762-exec-1] o.s.web.servlet.DispatcherServlet        : Completed initialization in 8 ms
2023-10-19T08:46:33.118+07:00  WARN 19156 --- [parallel-1] d.c.b.a.server.services.IntervalCheck    : Unexpected error in status-check

reactor.core.Exceptions$OverflowException: Could not emit tick 309 due to lack of requests (interval doesn't support small downstream requests that replenish slower than the ticks)
	at reactor.core.Exceptions.failWithOverflow(Exceptions.java:249) ~[reactor-core-3.5.10.jar:3.5.10]
	at reactor.core.publisher.FluxInterval$IntervalRunnable.run(FluxInterval.java:132) ~[reactor-core-3.5.10.jar:3.5.10]
	at reactor.core.scheduler.PeriodicWorkerTask.call(PeriodicWorkerTask.java:59) ~[reactor-core-3.5.10.jar:3.5.10]
	at reactor.core.scheduler.PeriodicWorkerTask.run(PeriodicWorkerTask.java:73) ~[reactor-core-3.5.10.jar:3.5.10]
	at java.base/java.util.concurrent.Executors$RunnableAdapter.call(Executors.java:539) ~[na:na]
	at java.base/java.util.concurrent.FutureTask.runAndReset(FutureTask.java:305) ~[na:na]
	at java.base/java.util.concurrent.ScheduledThreadPoolExecutor$ScheduledFutureTask.run(ScheduledThreadPoolExecutor.java:305) ~[na:na]
	at java.base/java.util.concurrent.ThreadPoolExecutor.runWorker(ThreadPoolExecutor.java:1136) ~[na:na]
	at java.base/java.util.concurrent.ThreadPoolExecutor$Worker.run(ThreadPoolExecutor.java:635) ~[na:na]
	at java.base/java.lang.Thread.run(Thread.java:833) ~[na:na]

2023-10-19T08:46:53.025+07:00  INFO 19156 --- [RMI TCP Connection(2)-127.0.0.1] inMXBeanRegistrar$SpringApplicationAdmin : Application shutdown requested.
2023-10-19T08:46:53.046+07:00  INFO 19156 --- [RMI TCP Connection(2)-127.0.0.1] o.apache.catalina.core.StandardService   : Stopping service [Tomcat]
2023-10-19T08:46:53.048+07:00  INFO 19156 --- [RMI TCP Connection(2)-127.0.0.1] o.a.c.c.C.[Tomcat].[localhost].[/]       : Destroying Spring FrameworkServlet 'dispatcherServlet'
